2015-01-31 12:40:11,844 [FileSystemWatcher: files=#215 cl=groovy.lang.GroovyClassLoader@5e59b96d] ERROR StackTrace  - Full Stack Trace:
java.lang.LinkageError: loader (instance of  org/springsource/loaded/ChildClassLoader): attempted  duplicate class definition for name: "entities/PhoneController$$DP2wNc1l"
	at java.lang.ClassLoader.defineClass1(Native Method)
	at java.lang.ClassLoader.defineClass(ClassLoader.java:800)
	at java.lang.ClassLoader.defineClass(ClassLoader.java:643)
	at org.springsource.loaded.ChildClassLoader.defineClass(ChildClassLoader.java:37)
	at org.springsource.loaded.TypeRegistry.defineClass(TypeRegistry.java:1116)
	at org.springsource.loaded.CurrentLiveVersion.define(CurrentLiveVersion.java:111)
	at org.springsource.loaded.CurrentLiveVersion.<init>(CurrentLiveVersion.java:99)
	at org.springsource.loaded.ReloadableType.loadNewVersion(ReloadableType.java:396)
	at org.springsource.loaded.TypeRegistry.loadNewVersion(TypeRegistry.java:845)
	at org.springsource.loaded.agent.ReloadableFileChangeListener.fileChanged(ReloadableFileChangeListener.java:51)
	at org.springsource.loaded.agent.Watcher.determineChangesSince(FileSystemWatcher.java:235)
	at org.springsource.loaded.agent.Watcher.run(FileSystemWatcher.java:219)
	at java.lang.Thread.run(Thread.java:745)
2015-01-31 12:40:11,856 [FileSystemWatcher: files=#215 cl=groovy.lang.GroovyClassLoader@5e59b96d] ERROR StackTrace  - Full Stack Trace:
java.lang.LinkageError: loader (instance of  org/springsource/loaded/ChildClassLoader): attempted  duplicate class definition for name: "entities/PhoneController$$DP2wNc1l"
	at java.lang.ClassLoader.defineClass(ClassLoader.java:800)
	at java.lang.ClassLoader.defineClass(ClassLoader.java:643)
	at java.lang.Thread.run(Thread.java:745)
2015-01-31 12:40:11,856 [FileSystemWatcher: files=#215 cl=groovy.lang.GroovyClassLoader@5e59b96d] ERROR StackTrace  - Full Stack Trace:
java.lang.LinkageError: loader (instance of  org/springsource/loaded/ChildClassLoader): attempted  duplicate class definition for name: "entities/PhoneController$$DP2wNc1l"
	at java.lang.ClassLoader.defineClass(ClassLoader.java:800)
	at java.lang.ClassLoader.defineClass(ClassLoader.java:643)
	at java.lang.Thread.run(Thread.java:745)
2015-01-31 12:40:11,856 [FileSystemWatcher: files=#215 cl=groovy.lang.GroovyClassLoader@5e59b96d] ERROR StackTrace  - Full Stack Trace:
java.lang.LinkageError: loader (instance of  org/springsource/loaded/ChildClassLoader): attempted  duplicate class definition for name: "entities/PhoneController$$DP2wNc1l"
	at java.lang.ClassLoader.defineClass(ClassLoader.java:800)
	at java.lang.ClassLoader.defineClass(ClassLoader.java:643)
	at java.lang.Thread.run(Thread.java:745)
